This is pdfTeX, Version 3.14159265-2.6-1.40.18 (MiKTeX 2.9.6350 64-bit) (preloaded format=pdflatex 2018.2.5)  6 FEB 2018 04:35
entering extended mode
**./transportation-system.tex
(transportation-system.tex
LaTeX2e <2017-04-15>
Babel <3.10> and hyphenation patterns for 75 language(s) loaded.
("C:\Program Files\MiKTeX 2.9\tex\latex\base\article.cls"
Document Class: article 2014/09/29 v1.4h Standard LaTeX document class
("C:\Program Files\MiKTeX 2.9\tex\latex\base\size12.clo"
File: size12.clo 2014/09/29 v1.4h Standard LaTeX file (size option)
)
\c@part=\count79
\c@section=\count80
\c@subsection=\count81
\c@subsubsection=\count82
\c@paragraph=\count83
\c@subparagraph=\count84
\c@figure=\count85
\c@table=\count86
\abovecaptionskip=\skip41
\belowcaptionskip=\skip42
\bibindent=\dimen102
)
("C:\Program Files\MiKTeX 2.9\tex\latex\base\inputenc.sty"
Package: inputenc 2015/03/17 v1.2c Input encoding file
\inpenc@prehook=\toks14
\inpenc@posthook=\toks15

("C:\Program Files\MiKTeX 2.9\tex\latex\base\utf8.def"
File: utf8.def 2017/01/28 v1.1t UTF-8 support for inputenc
Now handling font encoding OML ...
... no UTF-8 mapping file for font encoding OML
Now handling font encoding T1 ...
... processing UTF-8 mapping file for font encoding T1

("C:\Program Files\MiKTeX 2.9\tex\latex\base\t1enc.dfu"
File: t1enc.dfu 2017/01/28 v1.1t UTF-8 support for inputenc
   defining Unicode char U+00A0 (decimal 160)
   defining Unicode char U+00A1 (decimal 161)
   defining Unicode char U+00A3 (decimal 163)
   defining Unicode char U+00AB (decimal 171)
   defining Unicode char U+00AD (decimal 173)
   defining Unicode char U+00BB (decimal 187)
   defining Unicode char U+00BF (decimal 191)
   defining Unicode char U+00C0 (decimal 192)
   defining Unicode char U+00C1 (decimal 193)
   defining Unicode char U+00C2 (decimal 194)
   defining Unicode char U+00C3 (decimal 195)
   defining Unicode char U+00C4 (decimal 196)
   defining Unicode char U+00C5 (decimal 197)
   defining Unicode char U+00C6 (decimal 198)
   defining Unicode char U+00C7 (decimal 199)
   defining Unicode char U+00C8 (decimal 200)
   defining Unicode char U+00C9 (decimal 201)
   defining Unicode char U+00CA (decimal 202)
   defining Unicode char U+00CB (decimal 203)
   defining Unicode char U+00CC (decimal 204)
   defining Unicode char U+00CD (decimal 205)
   defining Unicode char U+00CE (decimal 206)
   defining Unicode char U+00CF (decimal 207)
   defining Unicode char U+00D0 (decimal 208)
   defining Unicode char U+00D1 (decimal 209)
   defining Unicode char U+00D2 (decimal 210)
   defining Unicode char U+00D3 (decimal 211)
   defining Unicode char U+00D4 (decimal 212)
   defining Unicode char U+00D5 (decimal 213)
   defining Unicode char U+00D6 (decimal 214)
   defining Unicode char U+00D8 (decimal 216)
   defining Unicode char U+00D9 (decimal 217)
   defining Unicode char U+00DA (decimal 218)
   defining Unicode char U+00DB (decimal 219)
   defining Unicode char U+00DC (decimal 220)
   defining Unicode char U+00DD (decimal 221)
   defining Unicode char U+00DE (decimal 222)
   defining Unicode char U+00DF (decimal 223)
   defining Unicode char U+00E0 (decimal 224)
   defining Unicode char U+00E1 (decimal 225)
   defining Unicode char U+00E2 (decimal 226)
   defining Unicode char U+00E3 (decimal 227)
   defining Unicode char U+00E4 (decimal 228)
   defining Unicode char U+00E5 (decimal 229)
   defining Unicode char U+00E6 (decimal 230)
   defining Unicode char U+00E7 (decimal 231)
   defining Unicode char U+00E8 (decimal 232)
   defining Unicode char U+00E9 (decimal 233)
   defining Unicode char U+00EA (decimal 234)
   defining Unicode char U+00EB (decimal 235)
   defining Unicode char U+00EC (decimal 236)
   defining Unicode char U+00ED (decimal 237)
   defining Unicode char U+00EE (decimal 238)
   defining Unicode char U+00EF (decimal 239)
   defining Unicode char U+00F0 (decimal 240)
   defining Unicode char U+00F1 (decimal 241)
   defining Unicode char U+00F2 (decimal 242)
   defining Unicode char U+00F3 (decimal 243)
   defining Unicode char U+00F4 (decimal 244)
   defining Unicode char U+00F5 (decimal 245)
   defining Unicode char U+00F6 (decimal 246)
   defining Unicode char U+00F8 (decimal 248)
   defining Unicode char U+00F9 (decimal 249)
   defining Unicode char U+00FA (decimal 250)
   defining Unicode char U+00FB (decimal 251)
   defining Unicode char U+00FC (decimal 252)
   defining Unicode char U+00FD (decimal 253)
   defining Unicode char U+00FE (decimal 254)
   defining Unicode char U+00FF (decimal 255)
   defining Unicode char U+0100 (decimal 256)
   defining Unicode char U+0101 (decimal 257)
   defining Unicode char U+0102 (decimal 258)
   defining Unicode char U+0103 (decimal 259)
   defining Unicode char U+0104 (decimal 260)
   defining Unicode char U+0105 (decimal 261)
   defining Unicode char U+0106 (decimal 262)
   defining Unicode char U+0107 (decimal 263)
   defining Unicode char U+0108 (decimal 264)
   defining Unicode char U+0109 (decimal 265)
   defining Unicode char U+010A (decimal 266)
   defining Unicode char U+010B (decimal 267)
   defining Unicode char U+010C (decimal 268)
   defining Unicode char U+010D (decimal 269)
   defining Unicode char U+010E (decimal 270)
   defining Unicode char U+010F (decimal 271)
   defining Unicode char U+0110 (decimal 272)
   defining Unicode char U+0111 (decimal 273)
   defining Unicode char U+0112 (decimal 274)
   defining Unicode char U+0113 (decimal 275)
   defining Unicode char U+0114 (decimal 276)
   defining Unicode char U+0115 (decimal 277)
   defining Unicode char U+0116 (decimal 278)
   defining Unicode char U+0117 (decimal 279)
   defining Unicode char U+0118 (decimal 280)
   defining Unicode char U+0119 (decimal 281)
   defining Unicode char U+011A (decimal 282)
   defining Unicode char U+011B (decimal 283)
   defining Unicode char U+011C (decimal 284)
   defining Unicode char U+011D (decimal 285)
   defining Unicode char U+011E (decimal 286)
   defining Unicode char U+011F (decimal 287)
   defining Unicode char U+0120 (decimal 288)
   defining Unicode char U+0121 (decimal 289)
   defining Unicode char U+0122 (decimal 290)
   defining Unicode char U+0123 (decimal 291)
   defining Unicode char U+0124 (decimal 292)
   defining Unicode char U+0125 (decimal 293)
   defining Unicode char U+0128 (decimal 296)
   defining Unicode char U+0129 (decimal 297)
   defining Unicode char U+012A (decimal 298)
   defining Unicode char U+012B (decimal 299)
   defining Unicode char U+012C (decimal 300)
   defining Unicode char U+012D (decimal 301)
   defining Unicode char U+012E (decimal 302)
   defining Unicode char U+012F (decimal 303)
   defining Unicode char U+0130 (decimal 304)
   defining Unicode char U+0131 (decimal 305)
   defining Unicode char U+0132 (decimal 306)
   defining Unicode char U+0133 (decimal 307)
   defining Unicode char U+0134 (decimal 308)
   defining Unicode char U+0135 (decimal 309)
   defining Unicode char U+0136 (decimal 310)
   defining Unicode char U+0137 (decimal 311)
   defining Unicode char U+0139 (decimal 313)
   defining Unicode char U+013A (decimal 314)
   defining Unicode char U+013B (decimal 315)
   defining Unicode char U+013C (decimal 316)
   defining Unicode char U+013D (decimal 317)
   defining Unicode char U+013E (decimal 318)
   defining Unicode char U+0141 (decimal 321)
   defining Unicode char U+0142 (decimal 322)
   defining Unicode char U+0143 (decimal 323)
   defining Unicode char U+0144 (decimal 324)
   defining Unicode char U+0145 (decimal 325)
   defining Unicode char U+0146 (decimal 326)
   defining Unicode char U+0147 (decimal 327)
   defining Unicode char U+0148 (decimal 328)
   defining Unicode char U+014A (decimal 330)
   defining Unicode char U+014B (decimal 331)
   defining Unicode char U+014C (decimal 332)
   defining Unicode char U+014D (decimal 333)
   defining Unicode char U+014E (decimal 334)
   defining Unicode char U+014F (decimal 335)
   defining Unicode char U+0150 (decimal 336)
   defining Unicode char U+0151 (decimal 337)
   defining Unicode char U+0152 (decimal 338)
   defining Unicode char U+0153 (decimal 339)
   defining Unicode char U+0154 (decimal 340)
   defining Unicode char U+0155 (decimal 341)
   defining Unicode char U+0156 (decimal 342)
   defining Unicode char U+0157 (decimal 343)
   defining Unicode char U+0158 (decimal 344)
   defining Unicode char U+0159 (decimal 345)
   defining Unicode char U+015A (decimal 346)
   defining Unicode char U+015B (decimal 347)
   defining Unicode char U+015C (decimal 348)
   defining Unicode char U+015D (decimal 349)
   defining Unicode char U+015E (decimal 350)
   defining Unicode char U+015F (decimal 351)
   defining Unicode char U+0160 (decimal 352)
   defining Unicode char U+0161 (decimal 353)
   defining Unicode char U+0162 (decimal 354)
   defining Unicode char U+0163 (decimal 355)
   defining Unicode char U+0164 (decimal 356)
   defining Unicode char U+0165 (decimal 357)
   defining Unicode char U+0168 (decimal 360)
   defining Unicode char U+0169 (decimal 361)
   defining Unicode char U+016A (decimal 362)
   defining Unicode char U+016B (decimal 363)
   defining Unicode char U+016C (decimal 364)
   defining Unicode char U+016D (decimal 365)
   defining Unicode char U+016E (decimal 366)
   defining Unicode char U+016F (decimal 367)
   defining Unicode char U+0170 (decimal 368)
   defining Unicode char U+0171 (decimal 369)
   defining Unicode char U+0172 (decimal 370)
   defining Unicode char U+0173 (decimal 371)
   defining Unicode char U+0174 (decimal 372)
   defining Unicode char U+0175 (decimal 373)
   defining Unicode char U+0176 (decimal 374)
   defining Unicode char U+0177 (decimal 375)
   defining Unicode char U+0178 (decimal 376)
   defining Unicode char U+0179 (decimal 377)
   defining Unicode char U+017A (decimal 378)
   defining Unicode char U+017B (decimal 379)
   defining Unicode char U+017C (decimal 380)
   defining Unicode char U+017D (decimal 381)
   defining Unicode char U+017E (decimal 382)
   defining Unicode char U+01CD (decimal 461)
   defining Unicode char U+01CE (decimal 462)
   defining Unicode char U+01CF (decimal 463)
   defining Unicode char U+01D0 (decimal 464)
   defining Unicode char U+01D1 (decimal 465)
   defining Unicode char U+01D2 (decimal 466)
   defining Unicode char U+01D3 (decimal 467)
   defining Unicode char U+01D4 (decimal 468)
   defining Unicode char U+01E2 (decimal 482)
   defining Unicode char U+01E3 (decimal 483)
   defining Unicode char U+01E6 (decimal 486)
   defining Unicode char U+01E7 (decimal 487)
   defining Unicode char U+01E8 (decimal 488)
   defining Unicode char U+01E9 (decimal 489)
   defining Unicode char U+01EA (decimal 490)
   defining Unicode char U+01EB (decimal 491)
   defining Unicode char U+01F0 (decimal 496)
   defining Unicode char U+01F4 (decimal 500)
   defining Unicode char U+01F5 (decimal 501)
   defining Unicode char U+0218 (decimal 536)
   defining Unicode char U+0219 (decimal 537)
   defining Unicode char U+021A (decimal 538)
   defining Unicode char U+021B (decimal 539)
   defining Unicode char U+0232 (decimal 562)
   defining Unicode char U+0233 (decimal 563)
   defining Unicode char U+1E02 (decimal 7682)
   defining Unicode char U+1E03 (decimal 7683)
   defining Unicode char U+200C (decimal 8204)
   defining Unicode char U+2010 (decimal 8208)
   defining Unicode char U+2011 (decimal 8209)
   defining Unicode char U+2012 (decimal 8210)
   defining Unicode char U+2013 (decimal 8211)
   defining Unicode char U+2014 (decimal 8212)
   defining Unicode char U+2015 (decimal 8213)
   defining Unicode char U+2018 (decimal 8216)
   defining Unicode char U+2019 (decimal 8217)
   defining Unicode char U+201A (decimal 8218)
   defining Unicode char U+201C (decimal 8220)
   defining Unicode char U+201D (decimal 8221)
   defining Unicode char U+201E (decimal 8222)
   defining Unicode char U+2030 (decimal 8240)
   defining Unicode char U+2031 (decimal 8241)
   defining Unicode char U+2039 (decimal 8249)
   defining Unicode char U+203A (decimal 8250)
   defining Unicode char U+2423 (decimal 9251)
   defining Unicode char U+1E20 (decimal 7712)
   defining Unicode char U+1E21 (decimal 7713)
)
Now handling font encoding OT1 ...
... processing UTF-8 mapping file for font encoding OT1

("C:\Program Files\MiKTeX 2.9\tex\latex\base\ot1enc.dfu"
File: ot1enc.dfu 2017/01/28 v1.1t UTF-8 support for inputenc
   defining Unicode char U+00A0 (decimal 160)
   defining Unicode char U+00A1 (decimal 161)
   defining Unicode char U+00A3 (decimal 163)
   defining Unicode char U+00AD (decimal 173)
   defining Unicode char U+00B8 (decimal 184)
   defining Unicode char U+00BF (decimal 191)
   defining Unicode char U+00C5 (decimal 197)
   defining Unicode char U+00C6 (decimal 198)
   defining Unicode char U+00D8 (decimal 216)
   defining Unicode char U+00DF (decimal 223)
   defining Unicode char U+00E6 (decimal 230)
   defining Unicode char U+00EC (decimal 236)
   defining Unicode char U+00ED (decimal 237)
   defining Unicode char U+00EE (decimal 238)
   defining Unicode char U+00EF (decimal 239)
   defining Unicode char U+00F8 (decimal 248)
   defining Unicode char U+0131 (decimal 305)
   defining Unicode char U+0141 (decimal 321)
   defining Unicode char U+0142 (decimal 322)
   defining Unicode char U+0152 (decimal 338)
   defining Unicode char U+0153 (decimal 339)
   defining Unicode char U+0174 (decimal 372)
   defining Unicode char U+0175 (decimal 373)
   defining Unicode char U+0176 (decimal 374)
   defining Unicode char U+0177 (decimal 375)
   defining Unicode char U+0218 (decimal 536)
   defining Unicode char U+0219 (decimal 537)
   defining Unicode char U+021A (decimal 538)
   defining Unicode char U+021B (decimal 539)
   defining Unicode char U+2013 (decimal 8211)
   defining Unicode char U+2014 (decimal 8212)
   defining Unicode char U+2018 (decimal 8216)
   defining Unicode char U+2019 (decimal 8217)
   defining Unicode char U+201C (decimal 8220)
   defining Unicode char U+201D (decimal 8221)
)
Now handling font encoding OMS ...
... processing UTF-8 mapping file for font encoding OMS

("C:\Program Files\MiKTeX 2.9\tex\latex\base\omsenc.dfu"
File: omsenc.dfu 2017/01/28 v1.1t UTF-8 support for inputenc
   defining Unicode char U+00A7 (decimal 167)
   defining Unicode char U+00B6 (decimal 182)
   defining Unicode char U+00B7 (decimal 183)
   defining Unicode char U+2020 (decimal 8224)
   defining Unicode char U+2021 (decimal 8225)
   defining Unicode char U+2022 (decimal 8226)
)
Now handling font encoding OMX ...
... no UTF-8 mapping file for font encoding OMX
Now handling font encoding U ...
... no UTF-8 mapping file for font encoding U
   defining Unicode char U+00A9 (decimal 169)
   defining Unicode char U+00AA (decimal 170)
   defining Unicode char U+00AE (decimal 174)
   defining Unicode char U+00BA (decimal 186)
   defining Unicode char U+02C6 (decimal 710)
   defining Unicode char U+02DC (decimal 732)
   defining Unicode char U+200C (decimal 8204)
   defining Unicode char U+2026 (decimal 8230)
   defining Unicode char U+2122 (decimal 8482)
   defining Unicode char U+2423 (decimal 9251)
))
("C:\Program Files\MiKTeX 2.9\tex\latex\comment\comment.sty"
\CommentStream=\write3

Excluding comment 'comment')
("C:\Program Files\MiKTeX 2.9\tex\latex\hyperref\hyperref.sty"
Package: hyperref 2017/03/14 v6.85a Hypertext links for LaTeX

("C:\Program Files\MiKTeX 2.9\tex\generic\oberdiek\hobsub-hyperref.sty"
Package: hobsub-hyperref 2016/05/16 v1.14 Bundle oberdiek, subset hyperref (HO)


("C:\Program Files\MiKTeX 2.9\tex\generic\oberdiek\hobsub-generic.sty"
Package: hobsub-generic 2016/05/16 v1.14 Bundle oberdiek, subset generic (HO)
Package: hobsub 2016/05/16 v1.14 Construct package bundles (HO)
Package: infwarerr 2016/05/16 v1.4 Providing info/warning/error messages (HO)
Package: ltxcmds 2016/05/16 v1.23 LaTeX kernel commands for general use (HO)
Package: ifluatex 2016/05/16 v1.4 Provides the ifluatex switch (HO)
Package ifluatex Info: LuaTeX not detected.
Package: ifvtex 2016/05/16 v1.6 Detect VTeX and its facilities (HO)
Package ifvtex Info: VTeX not detected.
Package: intcalc 2016/05/16 v1.2 Expandable calculations with integers (HO)
Package: ifpdf 2017/03/15 v3.2 Provides the ifpdf switch
Package: etexcmds 2016/05/16 v1.6 Avoid name clashes with e-TeX commands (HO)
Package etexcmds Info: Could not find \expanded.
(etexcmds)             That can mean that you are not using pdfTeX 1.50 or
(etexcmds)             that some package has redefined \expanded.
(etexcmds)             In the latter case, load this package earlier.
Package: kvsetkeys 2016/05/16 v1.17 Key value parser (HO)
Package: kvdefinekeys 2016/05/16 v1.4 Define keys (HO)
Package: pdftexcmds 2017/03/19 v0.25 Utility functions of pdfTeX for LuaTeX (HO
)
Package pdftexcmds Info: LuaTeX not detected.
Package pdftexcmds Info: \pdf@primitive is available.
Package pdftexcmds Info: \pdf@ifprimitive is available.
Package pdftexcmds Info: \pdfdraftmode found.
Package: pdfescape 2016/05/16 v1.14 Implements pdfTeX's escape features (HO)
Package: bigintcalc 2016/05/16 v1.4 Expandable calculations on big integers (HO
)
Package: bitset 2016/05/16 v1.2 Handle bit-vector datatype (HO)
Package: uniquecounter 2016/05/16 v1.3 Provide unlimited unique counter (HO)
)
Package hobsub Info: Skipping package `hobsub' (already loaded).
Package: letltxmacro 2016/05/16 v1.5 Let assignment for LaTeX macros (HO)
Package: hopatch 2016/05/16 v1.3 Wrapper for package hooks (HO)
Package: xcolor-patch 2016/05/16 xcolor patch
Package: atveryend 2016/05/16 v1.9 Hooks at the very end of document (HO)
Package atveryend Info: \enddocument detected (standard20110627).
Package: atbegshi 2016/06/09 v1.18 At begin shipout hook (HO)
Package: refcount 2016/05/16 v3.5 Data extraction from label references (HO)
Package: hycolor 2016/05/16 v1.8 Color options for hyperref/bookmark (HO)
)
("C:\Program Files\MiKTeX 2.9\tex\latex\graphics\keyval.sty"
Package: keyval 2014/10/28 v1.15 key=value parser (DPC)
\KV@toks@=\toks16
)
("C:\Program Files\MiKTeX 2.9\tex\generic\ifxetex\ifxetex.sty"
Package: ifxetex 2010/09/12 v0.6 Provides ifxetex conditional
)
("C:\Program Files\MiKTeX 2.9\tex\latex\oberdiek\auxhook.sty"
Package: auxhook 2016/05/16 v1.4 Hooks for auxiliary files (HO)
)
("C:\Program Files\MiKTeX 2.9\tex\latex\oberdiek\kvoptions.sty"
Package: kvoptions 2016/05/16 v3.12 Key value format for package options (HO)
)
\@linkdim=\dimen103
\Hy@linkcounter=\count87
\Hy@pagecounter=\count88

("C:\Program Files\MiKTeX 2.9\tex\latex\hyperref\pd1enc.def"
File: pd1enc.def 2017/03/14 v6.85a Hyperref: PDFDocEncoding definition (HO)
Now handling font encoding PD1 ...
... no UTF-8 mapping file for font encoding PD1
)
\Hy@SavedSpaceFactor=\count89

("C:\Program Files\MiKTeX 2.9\tex\latex\00miktex\hyperref.cfg"
File: hyperref.cfg 2002/06/06 v1.2 hyperref configuration of TeXLive
)
Package hyperref Info: Hyper figures OFF on input line 4498.
Package hyperref Info: Link nesting OFF on input line 4503.
Package hyperref Info: Hyper index ON on input line 4506.
Package hyperref Info: Plain pages OFF on input line 4513.
Package hyperref Info: Backreferencing OFF on input line 4518.
Package hyperref Info: Implicit mode ON; LaTeX internals redefined.
Package hyperref Info: Bookmarks ON on input line 4751.
\c@Hy@tempcnt=\count90

("C:\Program Files\MiKTeX 2.9\tex\latex\url\url.sty"
\Urlmuskip=\muskip10
Package: url 2013/09/16  ver 3.4  Verb mode for urls, etc.
)
LaTeX Info: Redefining \url on input line 5104.
\XeTeXLinkMargin=\dimen104
\Fld@menulength=\count91
\Field@Width=\dimen105
\Fld@charsize=\dimen106
Package hyperref Info: Hyper figures OFF on input line 6358.
Package hyperref Info: Link nesting OFF on input line 6363.
Package hyperref Info: Hyper index ON on input line 6366.
Package hyperref Info: backreferencing OFF on input line 6373.
Package hyperref Info: Link coloring OFF on input line 6378.
Package hyperref Info: Link coloring with OCG OFF on input line 6383.
Package hyperref Info: PDF/A mode OFF on input line 6388.
LaTeX Info: Redefining \ref on input line 6428.
LaTeX Info: Redefining \pageref on input line 6432.
\Hy@abspage=\count92
\c@Item=\count93
\c@Hfootnote=\count94
)

Package hyperref Message: Driver (autodetected): hpdftex.

("C:\Program Files\MiKTeX 2.9\tex\latex\hyperref\hpdftex.def"
File: hpdftex.def 2017/03/14 v6.85a Hyperref driver for pdfTeX
\Fld@listcount=\count95
\c@bookmark@seq@number=\count96

("C:\Program Files\MiKTeX 2.9\tex\latex\oberdiek\rerunfilecheck.sty"
Package: rerunfilecheck 2016/05/16 v1.8 Rerun checks for auxiliary files (HO)
Package uniquecounter Info: New unique counter `rerunfilecheck' on input line 2
82.
)
\Hy@SectionHShift=\skip43
)
("C:\Program Files\MiKTeX 2.9\tex\latex\listings\listings.sty"
\lst@mode=\count97
\lst@gtempboxa=\box26
\lst@token=\toks17
\lst@length=\count98
\lst@currlwidth=\dimen107
\lst@column=\count99
\lst@pos=\count100
\lst@lostspace=\dimen108
\lst@width=\dimen109
\lst@newlines=\count101
\lst@lineno=\count102
\lst@maxwidth=\dimen110

("C:\Program Files\MiKTeX 2.9\tex\latex\listings\lstmisc.sty"
File: lstmisc.sty 2015/06/04 1.6 (Carsten Heinz)
\c@lstnumber=\count103
\lst@skipnumbers=\count104
\lst@framebox=\box27
)
("C:\Program Files\MiKTeX 2.9\tex\latex\listings\listings.cfg"
File: listings.cfg 2015/06/04 1.6 listings configuration
))
Package: listings 2015/06/04 1.6 (Carsten Heinz)

("C:\Program Files\MiKTeX 2.9\tex\latex\graphics\graphicx.sty"
Package: graphicx 2014/10/28 v1.0g Enhanced LaTeX Graphics (DPC,SPQR)

("C:\Program Files\MiKTeX 2.9\tex\latex\graphics\graphics.sty"
Package: graphics 2017/04/14 v1.1b Standard LaTeX Graphics (DPC,SPQR)

("C:\Program Files\MiKTeX 2.9\tex\latex\graphics\trig.sty"
Package: trig 2016/01/03 v1.10 sin cos tan (DPC)
)
("C:\Program Files\MiKTeX 2.9\tex\latex\graphics-cfg\graphics.cfg"
File: graphics.cfg 2016/06/04 v1.11 sample graphics configuration
)
Package graphics Info: Driver file: pdftex.def on input line 99.

("C:\Program Files\MiKTeX 2.9\tex\latex\graphics-def\pdftex.def"
File: pdftex.def 2017/01/12 v0.06k Graphics/color for pdfTeX
\Gread@gobject=\count105
))
\Gin@req@height=\dimen111
\Gin@req@width=\dimen112
)
("C:\Program Files\MiKTeX 2.9\tex\latex\titlesec\titlesec.sty"
Package: titlesec 2016/03/21 v2.10.2 Sectioning titles
\ttl@box=\box28
\beforetitleunit=\skip44
\aftertitleunit=\skip45
\ttl@plus=\dimen113
\ttl@minus=\dimen114
\ttl@toksa=\toks18
\titlewidth=\dimen115
\titlewidthlast=\dimen116
\titlewidthfirst=\dimen117
)
("C:\Program Files\MiKTeX 2.9\tex\latex\blindtext\blindtext.sty"
Package: blindtext 2012/01/06 V2.0 blindtext-Package

("C:\Program Files\MiKTeX 2.9\tex\latex\tools\xspace.sty"
Package: xspace 2014/10/28 v1.13 Space after command names (DPC,MH)
)
\c@blindtext=\count106
\c@Blindtext=\count107
\c@blind@countparstart=\count108
\blind@countxx=\count109
\blindtext@numBlindtext=\count110
\blind@countyy=\count111
\c@blindlist=\count112
\c@blindlistlevel=\count113
\c@blindlist@level=\count114
\blind@listitem=\count115
\c@blind@listcount=\count116
\c@blind@levelcount=\count117
\blind@mathformula=\count118
\blind@Mathformula=\count119
\c@blind@randomcount=\count120
\c@blind@randommax=\count121
\c@blind@pangramcount=\count122
\c@blind@pangrammax=\count123
)
("C:\Program Files\MiKTeX 2.9\tex\latex\enumitem\enumitem.sty"
Package: enumitem 2011/09/28 v3.5.2 Customized lists
\labelindent=\skip46
\enit@outerparindent=\dimen118
\enit@toks=\toks19
\enit@inbox=\box29
\enitdp@description=\count124
)
("C:\Program Files\MiKTeX 2.9\tex\latex\fancyhdr\fancyhdr.sty"
Package: fancyhdr 2017/06/30 v3.9a Extensive control of page headers and footer
s
\f@nch@headwidth=\skip47
\f@nch@O@elh=\skip48
\f@nch@O@erh=\skip49
\f@nch@O@olh=\skip50
\f@nch@O@orh=\skip51
\f@nch@O@elf=\skip52
\f@nch@O@erf=\skip53
\f@nch@O@olf=\skip54
\f@nch@O@orf=\skip55
)
("C:\Program Files\MiKTeX 2.9\tex\latex\tools\afterpage.sty"
Package: afterpage 2014/10/28 v1.08 After-Page Package (DPC)
\AP@output=\toks20
\AP@partial=\box30
\AP@footins=\box31
)
\c@subsubsubsection=\count125
Package hyperref Info: Option `colorlinks' set `true' on input line 63.

(transportation-system.aux)
\openout1 = `transportation-system.aux'.

LaTeX Font Info:    Checking defaults for OML/cmm/m/it on input line 89.
LaTeX Font Info:    ... okay on input line 89.
LaTeX Font Info:    Checking defaults for T1/cmr/m/n on input line 89.
LaTeX Font Info:    ... okay on input line 89.
LaTeX Font Info:    Checking defaults for OT1/cmr/m/n on input line 89.
LaTeX Font Info:    ... okay on input line 89.
LaTeX Font Info:    Checking defaults for OMS/cmsy/m/n on input line 89.
LaTeX Font Info:    ... okay on input line 89.
LaTeX Font Info:    Checking defaults for OMX/cmex/m/n on input line 89.
LaTeX Font Info:    ... okay on input line 89.
LaTeX Font Info:    Checking defaults for U/cmr/m/n on input line 89.
LaTeX Font Info:    ... okay on input line 89.
LaTeX Font Info:    Checking defaults for PD1/pdf/m/n on input line 89.
LaTeX Font Info:    ... okay on input line 89.
\AtBeginShipoutBox=\box32

("C:\Program Files\MiKTeX 2.9\tex\latex\graphics\color.sty"
Package: color 2016/07/10 v1.1e Standard LaTeX Color (DPC)

("C:\Program Files\MiKTeX 2.9\tex\latex\graphics-cfg\color.cfg"
File: color.cfg 2016/01/02 v1.6 sample color configuration
)
Package color Info: Driver file: pdftex.def on input line 147.
)
Package hyperref Info: Link coloring ON on input line 89.

("C:\Program Files\MiKTeX 2.9\tex\latex\hyperref\nameref.sty"
Package: nameref 2016/05/21 v2.44 Cross-referencing by name of section

("C:\Program Files\MiKTeX 2.9\tex\generic\oberdiek\gettitlestring.sty"
Package: gettitlestring 2016/05/16 v1.5 Cleanup title references (HO)
)
\c@section@level=\count126
)
LaTeX Info: Redefining \ref on input line 89.
LaTeX Info: Redefining \pageref on input line 89.
LaTeX Info: Redefining \nameref on input line 89.

(transportation-system.out) (transportation-system.out)
\@outlinefile=\write4
\openout4 = `transportation-system.out'.

\c@lstlisting=\count127

("C:\Program Files\MiKTeX 2.9\tex\context\base\supp-pdf.mkii"
[Loading MPS to PDF converter (version 2006.09.02).]
\scratchcounter=\count128
\scratchdimen=\dimen119
\scratchbox=\box33
\nofMPsegments=\count129
\nofMParguments=\count130
\everyMPshowfont=\toks21
\MPscratchCnt=\count131
\MPscratchDim=\dimen120
\MPnumerator=\count132
\makeMPintoPDFobject=\count133
\everyMPtoPDFconversion=\toks22
) ("C:\Program Files\MiKTeX 2.9\tex\latex\oberdiek\epstopdf-base.sty"
Package: epstopdf-base 2016/05/15 v2.6 Base part for package epstopdf

("C:\Program Files\MiKTeX 2.9\tex\latex\oberdiek\grfext.sty"
Package: grfext 2016/05/16 v1.2 Manage graphics extensions (HO)
)
Package epstopdf-base Info: Redefining graphics rule for `.eps' on input line 4
38.
Package grfext Info: Graphics extension search list:
(grfext)             [.png,.pdf,.jpg,.mps,.jpeg,.jbig2,.jb2,.PNG,.PDF,.JPG,.JPE
G,.JBIG2,.JB2,.eps]
(grfext)             \AppendGraphicsExtensions on input line 456.
)
LaTeX Font Info:    External font `cmex10' loaded for size
(Font)              <14.4> on input line 93.
LaTeX Font Info:    External font `cmex10' loaded for size
(Font)              <7> on input line 93.
LaTeX Font Info:    Try loading font information for OMS+cmr on input line 93.

("C:\Program Files\MiKTeX 2.9\tex\latex\base\omscmr.fd"
File: omscmr.fd 2014/09/29 v2.5h Standard LaTeX font definitions
)
LaTeX Font Info:    Font shape `OMS/cmr/m/n' in size <10> not available
(Font)              Font shape `OMS/cmsy/m/n' tried instead on input line 93.
LaTeX Font Info:    External font `cmex10' loaded for size
(Font)              <5> on input line 93.
LaTeX Font Info:    Font shape `OMS/cmr/m/n' in size <7> not available
(Font)              Font shape `OMS/cmsy/m/n' tried instead on input line 93.
 [1


{C:/ProgramData/MiKTeX/2.9/pdftex/config/pdftex.map}] [0] (transportation-syste
m.toc
LaTeX Font Info:    External font `cmex10' loaded for size
(Font)              <12> on input line 3.
LaTeX Font Info:    External font `cmex10' loaded for size
(Font)              <8> on input line 3.
LaTeX Font Info:    External font `cmex10' loaded for size
(Font)              <6> on input line 3.


Package Fancyhdr Warning: \headheight is too small (12.0pt): 
 Make it at least 14.49998pt.
 We now make it that large for the rest of the document.
 This may cause the page layout to be inconsistent, however.

pdfTeX warning (ext4): destination with the same identifier (name{page.1}) has 
been already used, duplicate ignored
<to be read again> 
                   \relax 
l.35 ...ctional Requirements }{19}{subsection.3.4}
                                                   [1])
\tf@toc=\write5
\openout5 = `transportation-system.toc'.

 [2] [3] [4]
<./assets/flowchart/brute-force.png, id=329, 151.56625pt x 522.95375pt>
File: ./assets/flowchart/brute-force.png Graphic file (type png)

<use ./assets/flowchart/brute-force.png>
Package pdftex.def Info: ./assets/flowchart/brute-force.png used on input line 
147.
(pdftex.def)             Requested size: 170.71974pt x 398.3427pt.
 [5]
<./assets/flowchart/held-karp.png, id=335, 407.5225pt x 984.67876pt>
File: ./assets/flowchart/held-karp.png Graphic file (type png)

<use ./assets/flowchart/held-karp.png>
Package pdftex.def Info: ./assets/flowchart/held-karp.png used on input line 15
2.
(pdftex.def)             Requested size: 284.54248pt x 512.17113pt.
 [6 <./assets/flowchart/brute-force.png>] <./assets/flowchart/greedy.png, id=34
0, 271.76532pt x 404.26031pt>
File: ./assets/flowchart/greedy.png Graphic file (type png)

<use ./assets/flowchart/greedy.png>
Package pdftex.def Info: ./assets/flowchart/greedy.png used on input line 159.
(pdftex.def)             Requested size: 284.54092pt x 483.70352pt.
 [7 <./assets/flowchart/held-karp.png>]
LaTeX Font Info:    Font shape `OMS/cmr/m/n' in size <12> not available
(Font)              Font shape `OMS/cmsy/m/n' tried instead on input line 164.

[8 <./assets/flowchart/greedy.png>]
LaTeX Font Info:    Font shape `OMS/cmr/bx/n' in size <12> not available
(Font)              Font shape `OMS/cmsy/b/n' tried instead on input line 166.

<./assets/flowchart/cheapest.png, id=351, 316.18124pt x 361.35pt>
File: ./assets/flowchart/cheapest.png Graphic file (type png)

<use ./assets/flowchart/cheapest.png>
Package pdftex.def Info: ./assets/flowchart/cheapest.png used on input line 181
.
(pdftex.def)             Requested size: 313.0011pt x 398.34087pt.
 [9] [10 <./assets/flowchart/cheapest.png>]
Underfull \hbox (badness 10000) in paragraph at lines 186--188

 []

<./assets/flowchart/dftt.png, id=362, 357.58594pt x 365.86688pt>
File: ./assets/flowchart/dftt.png Graphic file (type png)

<use ./assets/flowchart/dftt.png>
Package pdftex.def Info: ./assets/flowchart/dftt.png used on input line 189.
(pdftex.def)             Requested size: 341.45071pt x 369.90782pt.
 [11 <./assets/flowchart/dftt.png>]
Underfull \hbox (badness 10000) in paragraph at lines 192--193

 []

<./assets/example/graph-dftt-1.png, id=369, 339.51843pt x 290.58563pt>
File: ./assets/example/graph-dftt-1.png Graphic file (type png)

<use ./assets/example/graph-dftt-1.png>
Package pdftex.def Info: ./assets/example/graph-dftt-1.png used on input line 1
94.
(pdftex.def)             Requested size: 256.08359pt x 227.6269pt.

Underfull \hbox (badness 10000) in paragraph at lines 196--197

 []

<./assets/example/graph-dftt-2.png, id=370, 280.79906pt x 284.56313pt>
File: ./assets/example/graph-dftt-2.png Graphic file (type png)

<use ./assets/example/graph-dftt-2.png>
Package pdftex.def Info: ./assets/example/graph-dftt-2.png used on input line 1
98.
(pdftex.def)             Requested size: 256.08882pt x 227.63344pt.

Underfull \hbox (badness 10000) in paragraph at lines 200--201

 []

[12 <./assets/example/graph-dftt-1.png> <./assets/example/graph-dftt-2.png>]
<./assets/example/graph-dftt-3.png, id=377, 254.45062pt x 270.25969pt>
File: ./assets/example/graph-dftt-3.png Graphic file (type png)

<use ./assets/example/graph-dftt-3.png>
Package pdftex.def Info: ./assets/example/graph-dftt-3.png used on input line 2
02.
(pdftex.def)             Requested size: 256.08456pt x 227.6269pt.

Underfull \hbox (badness 10000) in paragraph at lines 204--205

 []

<./assets/example/graph-dftt-4.png, id=378, 257.46187pt x 277.78781pt>
File: ./assets/example/graph-dftt-4.png Graphic file (type png)

<use ./assets/example/graph-dftt-4.png>
Package pdftex.def Info: ./assets/example/graph-dftt-4.png used on input line 2
06.
(pdftex.def)             Requested size: 256.098pt x 227.62639pt.
 [13 <./assets/example/graph-dftt-3.png> <./assets/example/graph-dftt-4.png>]
<./assets/example/graph-2opt-1.png, id=385, 106.14656pt x 110.66344pt>
File: ./assets/example/graph-2opt-1.png Graphic file (type png)

<use ./assets/example/graph-2opt-1.png>
Package pdftex.def Info: ./assets/example/graph-2opt-1.png used on input line 2
18.
(pdftex.def)             Requested size: 56.90527pt x 56.90701pt.

<./assets/flowchart/2-opt.png, id=386, 436.63126pt x 362.85562pt>
File: ./assets/flowchart/2-opt.png Graphic file (type png)

<use ./assets/flowchart/2-opt.png>
Package pdftex.def Info: ./assets/flowchart/2-opt.png used on input line 222.
(pdftex.def)             Requested size: 369.88577pt x 341.43867pt.

<./assets/flowchart/ga.png, id=387, 423.83344pt x 331.99031pt>
File: ./assets/flowchart/ga.png Graphic file (type png)

<use ./assets/flowchart/ga.png>
Package pdftex.def Info: ./assets/flowchart/ga.png used on input line 227.
(pdftex.def)             Requested size: 483.71835pt x 369.90668pt.

Overfull \hbox (93.71835pt too wide) in paragraph at lines 227--227
 [] 
 []

[14 <./assets/example/graph-2opt-1.png> <./assets/flowchart/2-opt.png>]
<./assets/systemarchitecture/system-architecture.png, id=394, 712.6625pt x 576.
1525pt>
File: ./assets/systemarchitecture/system-architecture.png Graphic file (type pn
g)
 <use ./assets/systemarchitecture/system-architecture.png>
Package pdftex.def Info: ./assets/systemarchitecture/system-architecture.png us
ed on input line 234.
(pdftex.def)             Requested size: 455.24338pt x 369.89679pt.

Overfull \hbox (65.24338pt too wide) in paragraph at lines 234--234
 [] 
 []

[15 <./assets/flowchart/ga.png>] [16 <./assets/systemarchitecture/system-archit
ecture.png>] [17] [18]
<./assets/usecase/use-case-diagram.png, id=413, 625.33624pt x 700.6175pt>
File: ./assets/usecase/use-case-diagram.png Graphic file (type png)

<use ./assets/usecase/use-case-diagram.png>
Package pdftex.def Info: ./assets/usecase/use-case-diagram.png used on input li
ne 308.
(pdftex.def)             Requested size: 483.70502pt x 369.89297pt.

Overfull \hbox (93.70502pt too wide) in paragraph at lines 308--308
 [] 
 []

[19] <./assets/usecasetable/customer-1.png, id=418, 404.26031pt x 353.82187pt>
File: ./assets/usecasetable/customer-1.png Graphic file (type png)

<use ./assets/usecasetable/customer-1.png>
Package pdftex.def Info: ./assets/usecasetable/customer-1.png used on input lin
e 315.
(pdftex.def)             Requested size: 483.70352pt x 369.89346pt.

Overfull \hbox (93.70352pt too wide) in paragraph at lines 315--315
 [] 
 []

[20 <./assets/usecase/use-case-diagram.png>]
<./assets/usecasetable/customer-2.png, id=423, 405.76593pt x 309.40594pt>
File: ./assets/usecasetable/customer-2.png Graphic file (type png)

<use ./assets/usecasetable/customer-2.png>
Package pdftex.def Info: ./assets/usecasetable/customer-2.png used on input lin
e 316.
(pdftex.def)             Requested size: 483.70949pt x 369.92085pt.

Overfull \hbox (93.70949pt too wide) in paragraph at lines 316--316
 [][] 
 []

[21 <./assets/usecasetable/customer-1.png>]
<./assets/usecasetable/customer-3.png, id=429, 404.26031pt x 400.49625pt>
File: ./assets/usecasetable/customer-3.png Graphic file (type png)

<use ./assets/usecasetable/customer-3.png>
Package pdftex.def Info: ./assets/usecasetable/customer-3.png used on input lin
e 317.
(pdftex.def)             Requested size: 483.70352pt x 369.90935pt.

Overfull \hbox (93.70352pt too wide) in paragraph at lines 317--317
 [][] 
 []

[22 <./assets/usecasetable/customer-2.png>]
<./assets/usecasetable/distributer-1.png, id=435, 406.51875pt x 409.53pt>
File: ./assets/usecasetable/distributer-1.png Graphic file (type png)

<use ./assets/usecasetable/distributer-1.png>
Package pdftex.def Info: ./assets/usecasetable/distributer-1.png used on input 
line 322.
(pdftex.def)             Requested size: 483.71368pt x 369.91086pt.

Overfull \hbox (93.71368pt too wide) in paragraph at lines 322--322
 [] 
 []

[23 <./assets/usecasetable/customer-3.png>]
<./assets/usecasetable/distributer-2.png, id=442, 403.5075pt x 356.0803pt>
File: ./assets/usecasetable/distributer-2.png Graphic file (type png)

<use ./assets/usecasetable/distributer-2.png>
Package pdftex.def Info: ./assets/usecasetable/distributer-2.png used on input 
line 323.
(pdftex.def)             Requested size: 483.7017pt x 369.90186pt.

Overfull \hbox (93.7017pt too wide) in paragraph at lines 323--323
 [][] 
 []

[24 <./assets/usecasetable/distributer-1.png>]
<./assets/usecasetable/provider-1.png, id=448, 425.33907pt x 353.06906pt>
File: ./assets/usecasetable/provider-1.png Graphic file (type png)

<use ./assets/usecasetable/provider-1.png>
Package pdftex.def Info: ./assets/usecasetable/provider-1.png used on input lin
e 328.
(pdftex.def)             Requested size: 483.72333pt x 369.88762pt.

Overfull \hbox (93.72333pt too wide) in paragraph at lines 328--328
 [] 
 []

[25 <./assets/usecasetable/distributer-2.png>]
<./assets/sequencediagram/assignrequeststodistributers.png, id=454, 477.28313pt
 x 389.20406pt>
File: ./assets/sequencediagram/assignrequeststodistributers.png Graphic file (t
ype png)

<use ./assets/sequencediagram/assignrequeststodistributers.png>
Package pdftex.def Info: ./assets/sequencediagram/assignrequeststodistributers.
png used on input line 335.
(pdftex.def)             Requested size: 483.69077pt x 369.89616pt.

Overfull \hbox (93.69077pt too wide) in paragraph at lines 335--335
 [] 
 []

[26 <./assets/usecasetable/provider-1.png>]
<./assets/sequencediagram/orderworklist.png, id=460, 775.89874pt x 478.78876pt>
File: ./assets/sequencediagram/orderworklist.png Graphic file (type png)
<use ./assets/sequencediagram/orderworklist.png>
Package pdftex.def Info: ./assets/sequencediagram/orderworklist.png used on inp
ut line 340.
(pdftex.def)             Requested size: 483.70424pt x 369.88853pt.

Overfull \hbox (93.70424pt too wide) in paragraph at lines 340--340
 [] 
 []

[27 <./assets/sequencediagram/assignrequeststodistributers.png>]
<./assets/sequencediagram/fulfills.png, id=466, 824.07875pt x 646.415pt>
File: ./assets/sequencediagram/fulfills.png Graphic file (type png)

<use ./assets/sequencediagram/fulfills.png>
Package pdftex.def Info: ./assets/sequencediagram/fulfills.png used on input li
ne 345.
(pdftex.def)             Requested size: 483.69994pt x 369.88072pt.

Overfull \hbox (93.69994pt too wide) in paragraph at lines 345--345
 [] 
 []

[28 <./assets/sequencediagram/orderworklist.png>]
<./assets/sequencediagram/addproductstocart.png, id=471, 1386.17876pt x 896.348
75pt>
File: ./assets/sequencediagram/addproductstocart.png Graphic file (type png)
 <use ./assets/sequencediagram/addproductstocart.png>
Package pdftex.def Info: ./assets/sequencediagram/addproductstocart.png used on
 input line 350.
(pdftex.def)             Requested size: 483.68924pt x 369.8852pt.

Overfull \hbox (93.68924pt too wide) in paragraph at lines 350--350
 [] 
 []

[29 <./assets/sequencediagram/fulfills.png>]
<./assets/sequencediagram/openandeditcart.png, id=477, 1217.54875pt x 896.34875
pt>
File: ./assets/sequencediagram/openandeditcart.png Graphic file (type png)
 <use ./assets/sequencediagram/openandeditcart.png>
Package pdftex.def Info: ./assets/sequencediagram/openandeditcart.png used on i
nput line 355.
(pdftex.def)             Requested size: 483.68536pt x 369.8852pt.

Overfull \hbox (93.68536pt too wide) in paragraph at lines 355--355
 [] 
 []

[30 <./assets/sequencediagram/addproductstocart.png>] [31 <./assets/sequencedia
gram/openandeditcart.png>]
<./assets/class-diagram.png, id=486, 881.54344pt x 379.4175pt>
File: ./assets/class-diagram.png Graphic file (type png)

<use ./assets/class-diagram.png>
Package pdftex.def Info: ./assets/class-diagram.png used on input line 362.
(pdftex.def)             Requested size: 483.69359pt x 298.75812pt.

Overfull \hbox (93.69359pt too wide) in paragraph at lines 362--363
 [] 
 []

[32 <./assets/class-diagram.png>]
<./assets/erd.png, id=492, 547.2947pt x 273.27094pt>
File: ./assets/erd.png Graphic file (type png)
 <use ./assets/erd.png>
Package pdftex.def Info: ./assets/erd.png used on input line 368.
(pdftex.def)             Requested size: 469.47841pt x 234.73737pt.

Overfull \hbox (79.47841pt too wide) in paragraph at lines 368--369
[] 
 []

<./assets/prototype/distributer-1.png, id=493, 560.0925pt x 392.46625pt>
File: ./assets/prototype/distributer-1.png Graphic file (type png)

<use ./assets/prototype/distributer-1.png>
Package pdftex.def Info: ./assets/prototype/distributer-1.png used on input lin
e 374.
(pdftex.def)             Requested size: 455.26205pt x 284.5457pt.

Overfull \hbox (65.26205pt too wide) in paragraph at lines 374--375
[] 
 []


Underfull \hbox (badness 10000) in paragraph at lines 374--375

 []

[33 <./assets/erd.png>]
<./assets/prototype/provider-1.png, id=499, 519.44063pt x 194.22563pt>
File: ./assets/prototype/provider-1.png Graphic file (type png)

<use ./assets/prototype/provider-1.png>
Package pdftex.def Info: ./assets/prototype/provider-1.png used on input line 3
77.
(pdftex.def)             Requested size: 469.46582pt x 199.17441pt.

<./assets/prototype/provider-2.png, id=500, 804.00375pt x 502.87875pt>
File: ./assets/prototype/provider-2.png Graphic file (type png)

<use ./assets/prototype/provider-2.png>
Package pdftex.def Info: ./assets/prototype/provider-2.png used on input line 3
78.
(pdftex.def)             Requested size: 469.46313pt x 284.52603pt.

Overfull \hbox (79.46582pt too wide) in paragraph at lines 377--379
[] 
 []


Overfull \hbox (79.46313pt too wide) in paragraph at lines 377--379
[] 
 []


Underfull \hbox (badness 10000) in paragraph at lines 377--379

 []

[34 <./assets/prototype/distributer-1.png>]
<./assets/prototype/customer-1.png, id=505, 593.21625pt x 394.47375pt>
File: ./assets/prototype/customer-1.png Graphic file (type png)

<use ./assets/prototype/customer-1.png>
Package pdftex.def Info: ./assets/prototype/customer-1.png used on input line 3
81.
(pdftex.def)             Requested size: 455.25723pt x 284.52649pt.

Overfull \hbox (65.25723pt too wide) in paragraph at lines 381--382
[] 
 []


Underfull \hbox (badness 10000) in paragraph at lines 381--382

 []

[35 <./assets/prototype/provider-1.png> <./assets/prototype/provider-2.png>]
<./assets/ganttchart/gantt-1.png, id=512, 841.64438pt x 368.87813pt>
File: ./assets/ganttchart/gantt-1.png Graphic file (type png)

<use ./assets/ganttchart/gantt-1.png>
Package pdftex.def Info: ./assets/ganttchart/gantt-1.png used on input line 385
.
(pdftex.def)             Requested size: 483.69775pt x 241.8449pt.

<./assets/ganttchart/gantt-2.png, id=513, 843.90282pt x 386.19281pt>
File: ./assets/ganttchart/gantt-2.png Graphic file (type png)

<use ./assets/ganttchart/gantt-2.png>
Package pdftex.def Info: ./assets/ganttchart/gantt-2.png used on input line 386
.
(pdftex.def)             Requested size: 483.70801pt x 241.84721pt.

<./assets/ganttchart/gantt-3.png, id=514, 830.35219pt x 396.7322pt>
File: ./assets/ganttchart/gantt-3.png Graphic file (type png)

<use ./assets/ganttchart/gantt-3.png>
Package pdftex.def Info: ./assets/ganttchart/gantt-3.png used on input line 387
.
(pdftex.def)             Requested size: 483.69518pt x 241.85493pt.

<./assets/ganttchart/gantt-4.png, id=515, 845.40843pt x 347.04657pt>
File: ./assets/ganttchart/gantt-4.png Graphic file (type png)

<use ./assets/ganttchart/gantt-4.png>
Package pdftex.def Info: ./assets/ganttchart/gantt-4.png used on input line 388
.
(pdftex.def)             Requested size: 483.69379pt x 241.85594pt.

<./assets/ganttchart/gantt-5.png, id=516, 846.16125pt x 371.88937pt>
File: ./assets/ganttchart/gantt-5.png Graphic file (type png)

<use ./assets/ganttchart/gantt-5.png>
Package pdftex.def Info: ./assets/ganttchart/gantt-5.png used on input line 389
.
(pdftex.def)             Requested size: 483.69844pt x 241.85573pt.

<./assets/ganttchart/gantt-6.png, id=517, 849.92531pt x 391.4625pt>
File: ./assets/ganttchart/gantt-6.png Graphic file (type png)

<use ./assets/ganttchart/gantt-6.png>
Package pdftex.def Info: ./assets/ganttchart/gantt-6.png used on input line 390
.
(pdftex.def)             Requested size: 483.6973pt x 241.85005pt.

Overfull \hbox (93.69775pt too wide) in paragraph at lines 385--391
[] 
 []


Overfull \hbox (93.70801pt too wide) in paragraph at lines 385--391
[] 
 []


Overfull \hbox (93.69518pt too wide) in paragraph at lines 385--391
[] 
 []


Overfull \hbox (93.69379pt too wide) in paragraph at lines 385--391
[] 
 []


Overfull \hbox (93.69844pt too wide) in paragraph at lines 385--391
[] 
 []


Overfull \hbox (93.6973pt too wide) in paragraph at lines 385--391
[] 
 []


Underfull \hbox (badness 10000) in paragraph at lines 385--391

 []

[36 <./assets/prototype/customer-1.png>] [37 <./assets/ganttchart/gantt-1.png> 
<./assets/ganttchart/gantt-2.png>] [38 <./assets/ganttchart/gantt-3.png> <./ass
ets/ganttchart/gantt-4.png>] [39 <./assets/ganttchart/gantt-5.png> <./assets/ga
nttchart/gantt-6.png>]
Package atveryend Info: Empty hook `BeforeClearDocument' on input line 396.
 [40]
Package atveryend Info: Empty hook `AfterLastShipout' on input line 396.
 (transportation-system.aux)
Package atveryend Info: Executing hook `AtVeryEndDocument' on input line 396.
Package atveryend Info: Executing hook `AtEndAfterFileList' on input line 396.
Package rerunfilecheck Info: File `transportation-system.out' has not changed.
(rerunfilecheck)             Checksum: A286F80C00F44ECE9541894BB84EC635;4554.
Package atveryend Info: Empty hook `AtVeryVeryEnd' on input line 396.
 ) 
Here is how much of TeX's memory you used:
 8050 strings out of 493323
 120493 string characters out of 3139061
 208149 words of memory out of 3000000
 11372 multiletter control sequences out of 15000+200000
 10141 words of font info for 36 fonts, out of 3000000 for 9000
 1141 hyphenation exceptions out of 8191
 30i,12n,43p,608b,444s stack positions out of 5000i,500n,10000p,200000b,50000s
<C:/Program Files/MiKTeX 2.9/fonts/type1/public/amsfonts/cm/cmbsy10.pfb><C:/P
rogram Files/MiKTeX 2.9/fonts/type1/public/amsfonts/cm/cmbx12.pfb><C:/Program F
iles/MiKTeX 2.9/fonts/type1/public/amsfonts/cm/cmcsc10.pfb><C:/Program Files/Mi
KTeX 2.9/fonts/type1/public/amsfonts/cm/cmr10.pfb><C:/Program Files/MiKTeX 2.9/
fonts/type1/public/amsfonts/cm/cmr12.pfb><C:/Program Files/MiKTeX 2.9/fonts/typ
e1/public/amsfonts/cm/cmsy10.pfb><C:/Program Files/MiKTeX 2.9/fonts/type1/publi
c/amsfonts/cm/cmsy7.pfb><C:/Program Files/MiKTeX 2.9/fonts/type1/public/amsfont
s/cm/cmtt12.pfb>
Output written on transportation-system.pdf (42 pages, 4876605 bytes).
PDF statistics:
 595 PDF objects out of 1000 (max. 8388607)
 101 named destinations out of 1000 (max. 500000)
 658 words of extra memory for PDF output out of 10000 (max. 10000000)

