\BOOKMARK [1][-]{section.1}{Project Idea}{}% 1
\BOOKMARK [1][-]{section.2}{Problem Significance}{}% 2
\BOOKMARK [2][-]{subsection.2.1}{ Problem Definition }{section.2}% 3
\BOOKMARK [2][-]{subsection.2.2}{ The Problem variants }{section.2}% 4
\BOOKMARK [3][-]{subsubsection.2.2.1}{ The TSP with precedencies or time windows }{subsection.2.2}% 5
\BOOKMARK [3][-]{subsubsection.2.2.2}{ Symmetric \(STSP\) }{subsection.2.2}% 6
\BOOKMARK [3][-]{subsubsection.2.2.3}{ Asymmetric \(ATSP\) }{subsection.2.2}% 7
\BOOKMARK [3][-]{subsubsection.2.2.4}{ The price collecting TSP }{subsection.2.2}% 8
\BOOKMARK [3][-]{subsubsection.2.2.5}{ The online TSP }{subsection.2.2}% 9
\BOOKMARK [3][-]{subsubsection.2.2.6}{ Bus, truck, vehicle routing }{subsection.2.2}% 10
\BOOKMARK [3][-]{subsubsection.2.2.7}{ Edge/arc and node routing with capacities }{subsection.2.2}% 11
\BOOKMARK [3][-]{subsubsection.2.2.8}{ The symmetric and asymmetric m-TSP }{subsection.2.2}% 12
\BOOKMARK [2][-]{subsection.2.3}{ Motivation }{section.2}% 13
\BOOKMARK [2][-]{subsection.2.4}{ Problem Solution }{section.2}% 14
\BOOKMARK [3][-]{subsubsection.2.4.1}{ Exact Approach }{subsection.2.4}% 15
\BOOKMARK [4][-]{subsubsubsection.2.4.1.1}{ Brute Force }{subsubsection.2.4.1}% 16
\BOOKMARK [4][-]{subsubsubsection.2.4.1.2}{ Dynamic Programming \(Held Karp\) }{subsubsection.2.4.1}% 17
\BOOKMARK [3][-]{subsubsection.2.4.2}{ Greedy Approach }{subsection.2.4}% 18
\BOOKMARK [4][-]{subsubsubsection.2.4.2.1}{ Nearest Neighbor Algorithm }{subsubsection.2.4.2}% 19
\BOOKMARK [3][-]{subsubsection.2.4.3}{ Heuristic Approach }{subsection.2.4}% 20
\BOOKMARK [4][-]{subsubsubsection.2.4.3.1}{ Cheapest Link \(Construction\)}{subsubsection.2.4.3}% 21
\BOOKMARK [4][-]{subsubsubsection.2.4.3.2}{ Depth First Tree Tour \(Construction\)}{subsubsection.2.4.3}% 22
\BOOKMARK [4][-]{subsubsubsection.2.4.3.3}{ 2-opt \(Improvement\)}{subsubsection.2.4.3}% 23
\BOOKMARK [3][-]{subsubsection.2.4.4}{ Genetic Algorithm Approach }{subsection.2.4}% 24
\BOOKMARK [1][-]{section.3}{System Analysis and Design}{}% 25
\BOOKMARK [2][-]{subsection.3.1}{ System Architecture }{section.3}% 26
\BOOKMARK [2][-]{subsection.3.2}{ Stakeholders }{section.3}% 27
\BOOKMARK [3][-]{subsubsection.3.2.1}{ Customers }{subsection.3.2}% 28
\BOOKMARK [3][-]{subsubsection.3.2.2}{ Provider }{subsection.3.2}% 29
\BOOKMARK [3][-]{subsubsection.3.2.3}{ Distributers }{subsection.3.2}% 30
\BOOKMARK [2][-]{subsection.3.3}{ Functional Requirements }{section.3}% 31
\BOOKMARK [3][-]{subsubsection.3.3.1}{ Customer }{subsection.3.3}% 32
\BOOKMARK [3][-]{subsubsection.3.3.2}{ Provider }{subsection.3.3}% 33
\BOOKMARK [3][-]{subsubsection.3.3.3}{ Distributer }{subsection.3.3}% 34
\BOOKMARK [2][-]{subsection.3.4}{ Non-Functional Requirements }{section.3}% 35
\BOOKMARK [3][-]{subsubsection.3.4.1}{ Security }{subsection.3.4}% 36
\BOOKMARK [3][-]{subsubsection.3.4.2}{ Performance }{subsection.3.4}% 37
\BOOKMARK [3][-]{subsubsection.3.4.3}{ Reliability }{subsection.3.4}% 38
\BOOKMARK [3][-]{subsubsection.3.4.4}{ Availability }{subsection.3.4}% 39
\BOOKMARK [3][-]{subsubsection.3.4.5}{ Usability }{subsection.3.4}% 40
\BOOKMARK [2][-]{subsection.3.5}{ Use Case Diagram }{section.3}% 41
\BOOKMARK [2][-]{subsection.3.6}{ Use Case Tables }{section.3}% 42
\BOOKMARK [3][-]{subsubsection.3.6.1}{ Customer }{subsection.3.6}% 43
\BOOKMARK [3][-]{subsubsection.3.6.2}{ Distributer }{subsection.3.6}% 44
\BOOKMARK [3][-]{subsubsection.3.6.3}{ Provider }{subsection.3.6}% 45
\BOOKMARK [2][-]{subsection.3.7}{ Sequence Diagram }{section.3}% 46
\BOOKMARK [3][-]{subsubsection.3.7.1}{ Assign request to distributers }{subsection.3.7}% 47
\BOOKMARK [3][-]{subsubsection.3.7.2}{ Order Work List }{subsection.3.7}% 48
\BOOKMARK [3][-]{subsubsection.3.7.3}{ Fulfill Order }{subsection.3.7}% 49
\BOOKMARK [3][-]{subsubsection.3.7.4}{ Add products to cart }{subsection.3.7}% 50
\BOOKMARK [3][-]{subsubsection.3.7.5}{ Open and edit cart }{subsection.3.7}% 51
\BOOKMARK [2][-]{subsection.3.8}{ Class Diagram }{section.3}% 52
\BOOKMARK [2][-]{subsection.3.9}{ ERD \(Entity Relationship Diagram\) }{section.3}% 53
\BOOKMARK [2][-]{subsection.3.10}{ Prototype }{section.3}% 54
\BOOKMARK [3][-]{subsubsection.3.10.1}{ Distributer }{subsection.3.10}% 55
\BOOKMARK [3][-]{subsubsection.3.10.2}{ Provider }{subsection.3.10}% 56
\BOOKMARK [3][-]{subsubsection.3.10.3}{ Customer }{subsection.3.10}% 57
\BOOKMARK [2][-]{subsection.3.11}{ Gantt chart }{section.3}% 58
\BOOKMARK [1][-]{section.4}{Conclusion}{}% 59
